{
  "RSpec": {
    "coverage": {
      "/Users/Perttu/Projektit/jrekisteri/app/helpers/application_helper.rb": [
        1,
        null
      ],
      "/Users/Perttu/Projektit/jrekisteri/app/helpers/boards_helper.rb": [
        1,
        null
      ],
      "/Users/Perttu/Projektit/jrekisteri/app/helpers/memberships_helper.rb": [
        1,
        null
      ],
      "/Users/Perttu/Projektit/jrekisteri/app/helpers/organizations_helper.rb": [
        1,
        null
      ],
      "/Users/Perttu/Projektit/jrekisteri/app/helpers/positions_helper.rb": [
        1,
        null
      ],
      "/Users/Perttu/Projektit/jrekisteri/app/helpers/sessions_helper.rb": [
        1,
        null
      ],
      "/Users/Perttu/Projektit/jrekisteri/app/helpers/users_helper.rb": [
        1,
        null
      ],
      "/Users/Perttu/Projektit/jrekisteri/app/helpers/welcome_helper.rb": [
        1,
        null
      ],
      "/Users/Perttu/Projektit/jrekisteri/app/controllers/memberships_controller.rb": [
        1,
        1,
        null,
        null,
        null,
        1,
        1,
        null,
        null,
        null,
        null,
        1,
        null,
        null,
        null,
        1,
        0,
        null,
        null,
        null,
        1,
        null,
        null,
        null,
        null,
        1,
        2,
        2,
        null,
        2,
        2,
        4,
        2,
        null,
        0,
        0,
        null,
        null,
        null,
        null,
        null,
        null,
        1,
        0,
        0,
        0,
        0,
        null,
        0,
        0,
        null,
        null,
        null,
        null,
        null,
        null,
        1,
        0,
        0,
        0,
        0,
        null,
        null,
        null,
        1,
        null,
        1,
        1,
        null,
        null,
        null,
        1,
        2,
        null,
        null
      ],
      "/Users/Perttu/Projektit/jrekisteri/app/controllers/application_controller.rb": [
        1,
        null,
        null,
        1,
        null,
        null,
        1,
        null,
        null,
        1,
        64,
        37,
        null,
        null,
        1,
        0,
        null,
        null,
        null,
        null,
        null
      ],
      "/Users/Perttu/Projektit/jrekisteri/app/controllers/organizations_controller.rb": [
        1,
        1,
        null,
        null,
        null,
        1,
        1,
        null,
        null,
        null,
        null,
        1,
        1,
        0,
        null,
        1,
        1,
        null,
        null,
        null,
        null,
        1,
        0,
        null,
        null,
        null,
        1,
        null,
        null,
        null,
        null,
        1,
        3,
        null,
        3,
        3,
        4,
        2,
        null,
        2,
        1,
        null,
        null,
        null,
        null,
        null,
        null,
        1,
        3,
        3,
        4,
        2,
        null,
        2,
        1,
        null,
        null,
        null,
        null,
        null,
        null,
        1,
        2,
        2,
        4,
        2,
        null,
        null,
        null,
        1,
        null,
        1,
        6,
        null,
        null,
        null,
        1,
        6,
        null,
        null
      ],
      "/Users/Perttu/Projektit/jrekisteri/app/controllers/users_controller.rb": [
        1,
        1,
        null,
        null,
        null,
        1,
        1,
        null,
        null,
        null,
        null,
        1,
        null,
        null,
        null,
        1,
        2,
        null,
        null,
        null,
        1,
        null,
        null,
        null,
        null,
        1,
        2,
        null,
        2,
        2,
        2,
        1,
        null,
        2,
        1,
        null,
        null,
        null,
        null,
        null,
        null,
        1,
        2,
        2,
        2,
        1,
        null,
        2,
        1,
        null,
        null,
        null,
        null,
        null,
        null,
        1,
        1,
        1,
        2,
        1,
        null,
        null,
        null,
        1,
        null,
        1,
        5,
        null,
        null,
        null,
        1,
        4,
        null,
        null
      ],
      "/Users/Perttu/Projektit/jrekisteri/app/models/membership.rb": [
        1,
        1,
        1,
        null,
        1,
        1,
        null
      ],
      "/Users/Perttu/Projektit/jrekisteri/app/controllers/boards_controller.rb": [
        null,
        1,
        1,
        null,
        null,
        null,
        1,
        1,
        null,
        null,
        null,
        null,
        1,
        null,
        null,
        null,
        1,
        0,
        null,
        null,
        null,
        1,
        null,
        null,
        null,
        null,
        1,
        0,
        null,
        0,
        0,
        0,
        0,
        null,
        0,
        0,
        null,
        null,
        null,
        null,
        null,
        null,
        1,
        0,
        0,
        0,
        0,
        null,
        0,
        0,
        null,
        null,
        null,
        null,
        null,
        null,
        1,
        0,
        0,
        0,
        0,
        null,
        null,
        null,
        1,
        null,
        1,
        0,
        null,
        null,
        null,
        1,
        0,
        null,
        null,
        null
      ],
      "/Users/Perttu/Projektit/jrekisteri/app/controllers/positions_controller.rb": [
        null,
        1,
        1,
        null,
        null,
        null,
        1,
        1,
        null,
        null,
        null,
        null,
        1,
        null,
        null,
        null,
        1,
        0,
        null,
        null,
        null,
        1,
        null,
        null,
        null,
        null,
        1,
        0,
        null,
        0,
        0,
        0,
        0,
        null,
        0,
        0,
        null,
        null,
        null,
        null,
        null,
        null,
        1,
        0,
        0,
        0,
        0,
        null,
        0,
        0,
        null,
        null,
        null,
        null,
        null,
        null,
        1,
        0,
        0,
        0,
        0,
        null,
        null,
        null,
        1,
        null,
        1,
        0,
        null,
        null,
        null,
        1,
        0,
        null,
        null,
        null
      ],
      "/Users/Perttu/Projektit/jrekisteri/app/models/organization.rb": [
        1,
        1,
        1,
        1,
        null,
        1,
        null,
        null,
        1,
        1,
        null,
        null
      ],
      "/Users/Perttu/Projektit/jrekisteri/app/models/user.rb": [
        1,
        1,
        null,
        1,
        1,
        null,
        1,
        null,
        null,
        1,
        16,
        null,
        null
      ],
      "/Users/Perttu/Projektit/jrekisteri/app/models/board.rb": [
        1,
        1,
        1,
        null,
        null
      ],
      "/Users/Perttu/Projektit/jrekisteri/app/models/position.rb": [
        1,
        1,
        1,
        null
      ]
    },
    "timestamp": 1430649464
  }
}
