{
  "RSpec": {
    "coverage": {
      "/Users/Perttu/Projektit/jrekisteri/app/helpers/application_helper.rb": [
        1,
        null
      ],
      "/Users/Perttu/Projektit/jrekisteri/app/helpers/boards_helper.rb": [
        1,
        null
      ],
      "/Users/Perttu/Projektit/jrekisteri/app/helpers/memberships_helper.rb": [
        1,
        null
      ],
      "/Users/Perttu/Projektit/jrekisteri/app/helpers/organizations_helper.rb": [
        1,
        null
      ],
      "/Users/Perttu/Projektit/jrekisteri/app/helpers/positions_helper.rb": [
        1,
        null
      ],
      "/Users/Perttu/Projektit/jrekisteri/app/helpers/sessions_helper.rb": [
        1,
        null
      ],
      "/Users/Perttu/Projektit/jrekisteri/app/helpers/users_helper.rb": [
        1,
        null
      ],
      "/Users/Perttu/Projektit/jrekisteri/app/helpers/welcome_helper.rb": [
        1,
        null
      ]
    },
    "timestamp": 1430637872
  }
}
